0 info it worked if it ends with ok
1 verbose cli [ '/usr/local/bin/node', '/usr/local/bin/npm', 'start' ]
2 info using npm@4.1.2
3 info using node@v7.7.1
4 verbose run-script [ 'prestart', 'start', 'poststart' ]
5 info lifecycle socket-chat-example@0.0.1~prestart: socket-chat-example@0.0.1
6 silly lifecycle socket-chat-example@0.0.1~prestart: no script for prestart, continuing
7 info lifecycle socket-chat-example@0.0.1~start: socket-chat-example@0.0.1
8 verbose lifecycle socket-chat-example@0.0.1~start: unsafe-perm in lifecycle true
9 verbose lifecycle socket-chat-example@0.0.1~start: PATH: /usr/local/lib/node_modules/npm/bin/node-gyp-bin:/home/liam/codebrew17/chat-example/node_modules/.bin:/home/liam/.rvm/gems/ruby-2.2.1/bin:/home/liam/.rvm/gems/ruby-2.2.1@global/bin:/home/liam/.rvm/rubies/ruby-2.2.1/bin:/home/liam/bin:/home/liam/anaconda3/bin:/home/liam/gopath:/home/liam/gopath/bin:/usr/local/heroku/bin:/home/liam/bin:/usr/local/sbin:/usr/local/bin:/usr/sbin:/usr/bin:/sbin:/bin:/usr/games:/usr/local/games:/snap/bin:/home/liam/.rvm/bin:/snap/bin:/home/liam/.rvm/bin:/home/liam/Android/Sdk/tools:/home/liam/Android/Sdk/platform-tools:/home/liam/.rvm/bin
10 verbose lifecycle socket-chat-example@0.0.1~start: CWD: /home/liam/codebrew17/chat-example
11 silly lifecycle socket-chat-example@0.0.1~start: Args: [ '-c', 'node index.js' ]
12 silly lifecycle socket-chat-example@0.0.1~start: Returned: code: 1  signal: null
13 info lifecycle socket-chat-example@0.0.1~start: Failed to exec start script
14 verbose stack Error: socket-chat-example@0.0.1 start: `node index.js`
14 verbose stack Exit status 1
14 verbose stack     at EventEmitter.<anonymous> (/usr/local/lib/node_modules/npm/lib/utils/lifecycle.js:279:16)
14 verbose stack     at emitTwo (events.js:106:13)
14 verbose stack     at EventEmitter.emit (events.js:194:7)
14 verbose stack     at ChildProcess.<anonymous> (/usr/local/lib/node_modules/npm/lib/utils/spawn.js:40:14)
14 verbose stack     at emitTwo (events.js:106:13)
14 verbose stack     at ChildProcess.emit (events.js:194:7)
14 verbose stack     at maybeClose (internal/child_process.js:899:16)
14 verbose stack     at Process.ChildProcess._handle.onexit (internal/child_process.js:226:5)
15 verbose pkgid socket-chat-example@0.0.1
16 verbose cwd /home/liam/codebrew17/chat-example
17 error Linux 4.4.0-67-generic
18 error argv "/usr/local/bin/node" "/usr/local/bin/npm" "start"
19 error node v7.7.1
20 error npm  v4.1.2
21 error code ELIFECYCLE
22 error socket-chat-example@0.0.1 start: `node index.js`
22 error Exit status 1
23 error Failed at the socket-chat-example@0.0.1 start script 'node index.js'.
23 error Make sure you have the latest version of node.js and npm installed.
23 error If you do, this is most likely a problem with the socket-chat-example package,
23 error not with npm itself.
23 error Tell the author that this fails on your system:
23 error     node index.js
23 error You can get information on how to open an issue for this project with:
23 error     npm bugs socket-chat-example
23 error Or if that isn't available, you can get their info via:
23 error     npm owner ls socket-chat-example
23 error There is likely additional logging output above.
24 verbose exit [ 1, true ]
